<?xml version="1.0" encoding="UTF-8"?>
<!-- Generated by org.testng.reporters.JUnitXMLReporter -->
<testsuite ignored="0" hostname="LAPTOP-QH37SSCF" failures="1" tests="1" name="Default test" time="25.035" errors="0" timestamp="2022-03-21T20:49:44 IST">
  <testcase classname="io.cucumber.testng.AbstractTestNGCucumberTests" name="runScenario" time="22.904">
    <failure type="junit.framework.ComparisonFailure" message="pass expected:&amp;lt;[No data]&amp;gt; but was:&amp;lt;[Beetroot]&amp;gt;">
      <![CDATA[junit.framework.ComparisonFailure: pass expected:<[No data]> but was:<[Beetroot]>
at junit.framework.Assert.assertEquals(Assert.java:100)
at stepDefinitions.OfferPageStepDefinition.validate_name_in_offers_page_matches_with_landing_page(OfferPageStepDefinition.java:58)
at ✽.validate name in offers page matches with landing page(file:///C:/Users/Teja%20Puvvada/eclipse-workspace/Cucumber/src/test/java/features/searchProduct.feature:9)
]]>
    </failure>
  </testcase> <!-- runScenario -->
</testsuite> <!-- Default test -->
