<?xml version="1.0" encoding="UTF-8"?>
<testng-results ignored="0" total="1" passed="0" failed="1" skipped="0">
  <reporter-output>
  </reporter-output>
  <suite started-at="2022-03-21T20:49:19 IST" name="Default suite" finished-at="2022-03-21T20:49:44 IST" duration-ms="25035">
    <groups>
      <group name="cucumber">
        <method signature="AbstractTestNGCucumberTests.runScenario(io.cucumber.testng.PickleWrapper,io.cucumber.testng.FeatureWrapper)[pri:0, instance:cucumberOptions.FailedTestRunner@747ddf94]" name="runScenario" class="io.cucumber.testng.AbstractTestNGCucumberTests"/>
      </group> <!-- cucumber -->
    </groups>
    <test started-at="2022-03-21T20:49:19 IST" name="Default test" finished-at="2022-03-21T20:49:44 IST" duration-ms="25035">
      <class name="cucumberOptions.FailedTestRunner">
        <test-method is-config="true" signature="setUpClass(org.testng.ITestContext)[pri:0, instance:cucumberOptions.FailedTestRunner@747ddf94]" started-at="2022-03-21T20:49:19 IST" name="setUpClass" finished-at="2022-03-21T20:49:20 IST" duration-ms="1295" status="PASS">
          <params>
            <param index="0">
              <value>
                <![CDATA[org.testng.TestRunner@353efdbf]]>
              </value>
            </param>
          </params>
          <reporter-output>
          </reporter-output>
        </test-method> <!-- setUpClass -->
        <test-method signature="runScenario(io.cucumber.testng.PickleWrapper,io.cucumber.testng.FeatureWrapper)[pri:0, instance:cucumberOptions.FailedTestRunner@747ddf94]" started-at="2022-03-21T20:49:20 IST" name="runScenario" description="Runs Cucumber Scenarios" data-provider="scenarios" finished-at="2022-03-21T20:49:43 IST" duration-ms="22904" status="FAIL">
          <params>
            <param index="0">
              <value>
                <![CDATA["Search experience for products on both home and offers page"]]>
              </value>
            </param>
            <param index="1">
              <value>
                <![CDATA["Optional[Search and place the order for products]"]]>
              </value>
            </param>
          </params>
          <exception class="junit.framework.ComparisonFailure">
            <message>
              <![CDATA[pass expected:<[No data]> but was:<[Beetroot]>]]>
            </message>
            <full-stacktrace>
              <![CDATA[junit.framework.ComparisonFailure: pass expected:<[No data]> but was:<[Beetroot]>
at junit.framework.Assert.assertEquals(Assert.java:100)
at stepDefinitions.OfferPageStepDefinition.validate_name_in_offers_page_matches_with_landing_page(OfferPageStepDefinition.java:58)
at ✽.validate name in offers page matches with landing page(file:///C:/Users/Teja%20Puvvada/eclipse-workspace/Cucumber/src/test/java/features/searchProduct.feature:9)
]]>
            </full-stacktrace>
          </exception> <!-- junit.framework.ComparisonFailure -->
          <reporter-output>
          </reporter-output>
        </test-method> <!-- runScenario -->
        <test-method is-config="true" signature="tearDownClass()[pri:0, instance:cucumberOptions.FailedTestRunner@747ddf94]" started-at="2022-03-21T20:49:43 IST" name="tearDownClass" finished-at="2022-03-21T20:49:44 IST" duration-ms="769" status="PASS">
          <reporter-output>
          </reporter-output>
        </test-method> <!-- tearDownClass -->
      </class> <!-- cucumberOptions.FailedTestRunner -->
    </test> <!-- Default test -->
  </suite> <!-- Default suite -->
</testng-results>
