<?xml version="1.0" encoding="UTF-8"?>
<!-- Generated by org.testng.reporters.JUnitReportReporter -->
<testsuite hostname="LAPTOP-QH37SSCF" failures="1" tests="3" name="cucumberOptions.TestNGTestRunner" time="73.206" errors="0" timestamp="2022-03-21T20:40:41 IST" skipped="0">
  <testcase classname="cucumberOptions.TestNGTestRunner" name="runScenario" time="19.213"/>
  <system-out/>
  <testcase classname="cucumberOptions.TestNGTestRunner" name="runScenario" time="29.433">
    <failure message="pass expected:&lt;[No data]&gt; but was:&lt;[Beetroot]&gt;" type="junit.framework.ComparisonFailure">
      <![CDATA[junit.framework.ComparisonFailure: pass expected:<[No data]> but was:<[Beetroot]>
at junit.framework.Assert.assertEquals(Assert.java:100)
at stepDefinitions.OfferPageStepDefinition.validate_name_in_offers_page_matches_with_landing_page(OfferPageStepDefinition.java:58)
at ✽.validate name in offers page matches with landing page(file:///C:/Users/Teja%20Puvvada/eclipse-workspace/Cucumber/src/test/java/features/searchProduct.feature:9)
]]>
    </failure>
  </testcase> <!-- runScenario -->
  <system-out/>
  <testcase classname="cucumberOptions.TestNGTestRunner" name="runScenario" time="24.560"/>
  <system-out/>
</testsuite> <!-- cucumberOptions.TestNGTestRunner -->
